{"class":16,"code":"EREQUEST","level":"error","lineNumber":2,"message":"Error getLocalLab: Invalid object name '_SatSet_Lab'.","name":"RequestError","number":208,"originalError":{"info":{"class":16,"handlerName":"onErrorMessage","lineNumber":2,"message":"Invalid object name '_SatSet_Lab'.","name":"ERROR","number":208,"procName":"","serverName":"SERVER-DELL","state":1}},"precedingErrors":[],"procName":"","serverName":"SERVER-DELL","service":"bridging-satusehat","stack":"RequestError: Invalid object name '_SatSet_Lab'.\n    at handleError (C:\\Users\\M S I\\OneDrive\\Dokumen\\magang\\satusehat\\node_modules\\mssql\\lib\\tedious\\request.js:384:15)\n    at Connection.emit (node:events:508:28)\n    at Connection.emit (node:domain:489:12)\n    at Connection.emit (C:\\Users\\M S I\\OneDrive\\Dokumen\\magang\\satusehat\\node_modules\\tedious\\src\\connection.ts:1974:18)\n    at RequestTokenHandler.onErrorMessage (C:\\Users\\M S I\\OneDrive\\Dokumen\\magang\\satusehat\\node_modules\\tedious\\src\\token\\handler.ts:386:21)\n    at Readable.<anonymous> (C:\\Users\\M S I\\OneDrive\\Dokumen\\magang\\satusehat\\node_modules\\tedious\\src\\token\\token-stream-parser.ts:23:55)\n    at Readable.emit (node:events:508:28)\n    at Readable.emit (node:domain:489:12)\n    at addChunk (node:internal/streams/readable:559:12)\n    at readableAddChunkPushObjectMode (node:internal/streams/readable:536:3)","state":1,"timestamp":"2026-02-18 13:41:00"}
{"class":16,"code":"EREQUEST","level":"error","lineNumber":17,"message":"Error getLocalLab: Invalid column name 'vc_id_encounter'.","name":"RequestError","number":207,"originalError":{"info":{"class":16,"handlerName":"onErrorMessage","lineNumber":17,"message":"Invalid column name 'vc_id_encounter'.","name":"ERROR","number":207,"procName":"","serverName":"SERVER-DELL","state":1}},"precedingErrors":[],"procName":"","serverName":"SERVER-DELL","service":"bridging-satusehat","stack":"RequestError: Invalid column name 'vc_id_encounter'.\n    at handleError (C:\\Users\\M S I\\OneDrive\\Dokumen\\magang\\satusehat\\node_modules\\mssql\\lib\\tedious\\request.js:384:15)\n    at Connection.emit (node:events:508:28)\n    at Connection.emit (node:domain:489:12)\n    at Connection.emit (C:\\Users\\M S I\\OneDrive\\Dokumen\\magang\\satusehat\\node_modules\\tedious\\src\\connection.ts:1974:18)\n    at RequestTokenHandler.onErrorMessage (C:\\Users\\M S I\\OneDrive\\Dokumen\\magang\\satusehat\\node_modules\\tedious\\src\\token\\handler.ts:386:21)\n    at Readable.<anonymous> (C:\\Users\\M S I\\OneDrive\\Dokumen\\magang\\satusehat\\node_modules\\tedious\\src\\token\\token-stream-parser.ts:23:55)\n    at Readable.emit (node:events:508:28)\n    at Readable.emit (node:domain:489:12)\n    at addChunk (node:internal/streams/readable:559:12)\n    at readableAddChunkPushObjectMode (node:internal/streams/readable:536:3)","state":1,"timestamp":"2026-02-18 13:54:00"}
{"class":16,"code":"EREQUEST","level":"error","lineNumber":3,"message":"❌ [DB ERROR] Gagal simpan detail ke _SatSet_Lab: Invalid column name 'vc_local_text'.","name":"RequestError","number":207,"originalError":{"info":{"class":16,"handlerName":"onErrorMessage","lineNumber":3,"message":"Invalid column name 'vc_local_text'.","name":"ERROR","number":207,"procName":"","serverName":"SERVER-DELL","state":1}},"precedingErrors":[{"class":16,"code":"EREQUEST","lineNumber":3,"name":"RequestError","number":207,"originalError":{"info":{"class":16,"handlerName":"onErrorMessage","lineNumber":3,"message":"Invalid column name 'vc_id_service_request'.","name":"ERROR","number":207,"procName":"","serverName":"SERVER-DELL","state":1}},"procName":"","serverName":"SERVER-DELL","state":1},{"class":16,"code":"EREQUEST","lineNumber":3,"name":"RequestError","number":207,"originalError":{"info":{"class":16,"handlerName":"onErrorMessage","lineNumber":3,"message":"Invalid column name 'vc_nobukti'.","name":"ERROR","number":207,"procName":"","serverName":"SERVER-DELL","state":1}},"procName":"","serverName":"SERVER-DELL","state":1},{"class":16,"code":"EREQUEST","lineNumber":3,"name":"RequestError","number":207,"originalError":{"info":{"class":16,"handlerName":"onErrorMessage","lineNumber":3,"message":"Invalid column name 'vc_loinc_code'.","name":"ERROR","number":207,"procName":"","serverName":"SERVER-DELL","state":1}},"procName":"","serverName":"SERVER-DELL","state":1},{"class":16,"code":"EREQUEST","lineNumber":3,"name":"RequestError","number":207,"originalError":{"info":{"class":16,"handlerName":"onErrorMessage","lineNumber":3,"message":"Invalid column name 'vc_loinc_display'.","name":"ERROR","number":207,"procName":"","serverName":"SERVER-DELL","state":1}},"procName":"","serverName":"SERVER-DELL","state":1}],"procName":"","serverName":"SERVER-DELL","service":"bridging-satusehat","stack":"RequestError: Invalid column name 'vc_local_text'.\n    at handleError (C:\\Users\\M S I\\OneDrive\\Dokumen\\magang\\satusehat\\node_modules\\mssql\\lib\\tedious\\request.js:384:15)\n    at Connection.emit (node:events:508:28)\n    at Connection.emit (node:domain:489:12)\n    at Connection.emit (C:\\Users\\M S I\\OneDrive\\Dokumen\\magang\\satusehat\\node_modules\\tedious\\src\\connection.ts:1974:18)\n    at RequestTokenHandler.onErrorMessage (C:\\Users\\M S I\\OneDrive\\Dokumen\\magang\\satusehat\\node_modules\\tedious\\src\\token\\handler.ts:386:21)\n    at Readable.<anonymous> (C:\\Users\\M S I\\OneDrive\\Dokumen\\magang\\satusehat\\node_modules\\tedious\\src\\token\\token-stream-parser.ts:23:55)\n    at Readable.emit (node:events:508:28)\n    at Readable.emit (node:domain:489:12)\n    at addChunk (node:internal/streams/readable:559:12)\n    at readableAddChunkPushObjectMode (node:internal/streams/readable:536:3)","state":1,"timestamp":"2026-02-18 13:58:05"}
{"class":16,"code":"EREQUEST","level":"error","lineNumber":3,"message":"❌ [DB ERROR] Gagal update status untuk labsrid: 26021107010125 Invalid column name 'vc_local_text'.","name":"RequestError","number":207,"originalError":{"info":{"class":16,"handlerName":"onErrorMessage","lineNumber":3,"message":"Invalid column name 'vc_local_text'.","name":"ERROR","number":207,"procName":"","serverName":"SERVER-DELL","state":1}},"precedingErrors":[{"class":16,"code":"EREQUEST","lineNumber":3,"name":"RequestError","number":207,"originalError":{"info":{"class":16,"handlerName":"onErrorMessage","lineNumber":3,"message":"Invalid column name 'vc_id_service_request'.","name":"ERROR","number":207,"procName":"","serverName":"SERVER-DELL","state":1}},"procName":"","serverName":"SERVER-DELL","state":1},{"class":16,"code":"EREQUEST","lineNumber":3,"name":"RequestError","number":207,"originalError":{"info":{"class":16,"handlerName":"onErrorMessage","lineNumber":3,"message":"Invalid column name 'vc_nobukti'.","name":"ERROR","number":207,"procName":"","serverName":"SERVER-DELL","state":1}},"procName":"","serverName":"SERVER-DELL","state":1},{"class":16,"code":"EREQUEST","lineNumber":3,"name":"RequestError","number":207,"originalError":{"info":{"class":16,"handlerName":"onErrorMessage","lineNumber":3,"message":"Invalid column name 'vc_loinc_code'.","name":"ERROR","number":207,"procName":"","serverName":"SERVER-DELL","state":1}},"procName":"","serverName":"SERVER-DELL","state":1},{"class":16,"code":"EREQUEST","lineNumber":3,"name":"RequestError","number":207,"originalError":{"info":{"class":16,"handlerName":"onErrorMessage","lineNumber":3,"message":"Invalid column name 'vc_loinc_display'.","name":"ERROR","number":207,"procName":"","serverName":"SERVER-DELL","state":1}},"procName":"","serverName":"SERVER-DELL","state":1}],"procName":"","serverName":"SERVER-DELL","service":"bridging-satusehat","stack":"RequestError: Invalid column name 'vc_local_text'.\n    at handleError (C:\\Users\\M S I\\OneDrive\\Dokumen\\magang\\satusehat\\node_modules\\mssql\\lib\\tedious\\request.js:384:15)\n    at Connection.emit (node:events:508:28)\n    at Connection.emit (node:domain:489:12)\n    at Connection.emit (C:\\Users\\M S I\\OneDrive\\Dokumen\\magang\\satusehat\\node_modules\\tedious\\src\\connection.ts:1974:18)\n    at RequestTokenHandler.onErrorMessage (C:\\Users\\M S I\\OneDrive\\Dokumen\\magang\\satusehat\\node_modules\\tedious\\src\\token\\handler.ts:386:21)\n    at Readable.<anonymous> (C:\\Users\\M S I\\OneDrive\\Dokumen\\magang\\satusehat\\node_modules\\tedious\\src\\token\\token-stream-parser.ts:23:55)\n    at Readable.emit (node:events:508:28)\n    at Readable.emit (node:domain:489:12)\n    at addChunk (node:internal/streams/readable:559:12)\n    at readableAddChunkPushObjectMode (node:internal/streams/readable:536:3)","state":1,"timestamp":"2026-02-18 13:58:05"}
{"level":"error","message":"❌ API Error untuk vc_norm 00280995:","service":"bridging-satusehat","timestamp":"2026-02-19 07:55:16"}
{"level":"error","message":"❌ API Error untuk vc_norm 00280995:","service":"bridging-satusehat","timestamp":"2026-02-19 07:55:16"}
{"level":"error","message":"❌ API Error untuk vc_norm 00373042:","service":"bridging-satusehat","timestamp":"2026-02-19 07:55:16"}
{"level":"error","message":"❌ API Error untuk vc_norm 00531149:","service":"bridging-satusehat","timestamp":"2026-02-19 07:55:16"}
{"level":"error","message":"❌ API Error untuk vc_norm 00559325:","service":"bridging-satusehat","timestamp":"2026-02-19 07:55:16"}
{"level":"error","message":"❌ API Error untuk vc_norm 00398268:","service":"bridging-satusehat","timestamp":"2026-02-19 07:55:16"}
{"level":"error","message":"❌ API Error untuk vc_norm 00229208:","service":"bridging-satusehat","timestamp":"2026-02-19 07:55:16"}
{"level":"error","message":"❌ API Error untuk vc_norm 00280995:","service":"bridging-satusehat","timestamp":"2026-02-19 07:55:20"}
{"level":"error","message":"❌ API Error untuk vc_norm 00280995:","service":"bridging-satusehat","timestamp":"2026-02-19 07:55:20"}
{"level":"error","message":"❌ API Error untuk vc_norm 00373042:","service":"bridging-satusehat","timestamp":"2026-02-19 07:55:20"}
{"level":"error","message":"❌ API Error untuk vc_norm 00531149:","service":"bridging-satusehat","timestamp":"2026-02-19 07:55:20"}
{"level":"error","message":"❌ API Error untuk vc_norm 00454183:","service":"bridging-satusehat","timestamp":"2026-02-19 07:55:20"}
{"level":"error","message":"❌ API Error untuk vc_norm 00559325:","service":"bridging-satusehat","timestamp":"2026-02-19 07:55:20"}
{"level":"error","message":"❌ API Error untuk vc_norm 00398268:","service":"bridging-satusehat","timestamp":"2026-02-19 07:55:20"}
{"level":"error","message":"❌ API Error untuk vc_norm 00559299:","service":"bridging-satusehat","timestamp":"2026-02-19 07:55:20"}
{"level":"error","message":"❌ API Error untuk vc_norm 00229208:","service":"bridging-satusehat","timestamp":"2026-02-19 07:55:20"}
{"level":"error","message":"❌ API Error untuk vc_norm 00280995:","service":"bridging-satusehat","timestamp":"2026-02-19 07:55:54"}
{"level":"error","message":"❌ API Error untuk vc_norm 00280995:","service":"bridging-satusehat","timestamp":"2026-02-19 07:55:54"}
{"level":"error","message":"❌ API Error untuk vc_norm 00373042:","service":"bridging-satusehat","timestamp":"2026-02-19 07:55:54"}
{"level":"error","message":"❌ API Error untuk vc_norm 00531149:","service":"bridging-satusehat","timestamp":"2026-02-19 07:55:54"}
{"level":"error","message":"❌ API Error untuk vc_norm 00454183:","service":"bridging-satusehat","timestamp":"2026-02-19 07:55:54"}
{"level":"error","message":"❌ API Error untuk vc_norm 00559325:","service":"bridging-satusehat","timestamp":"2026-02-19 07:55:54"}
{"level":"error","message":"❌ API Error untuk vc_norm 00398268:","service":"bridging-satusehat","timestamp":"2026-02-19 07:55:54"}
{"level":"error","message":"❌ API Error untuk vc_norm 00559299:","service":"bridging-satusehat","timestamp":"2026-02-19 07:55:54"}
{"level":"error","message":"❌ API Error untuk vc_norm 00229208:","service":"bridging-satusehat","timestamp":"2026-02-19 07:55:54"}
{"level":"error","message":"❌ API Error untuk vc_norm 00447245:","service":"bridging-satusehat","timestamp":"2026-02-19 07:55:54"}
{"level":"error","message":"❌ API Error untuk vc_norm 00280995:","service":"bridging-satusehat","timestamp":"2026-02-19 07:56:20"}
{"level":"error","message":"❌ API Error untuk vc_norm 00280995:","service":"bridging-satusehat","timestamp":"2026-02-19 07:56:20"}
{"level":"error","message":"❌ API Error untuk vc_norm 00373042:","service":"bridging-satusehat","timestamp":"2026-02-19 07:56:20"}
{"level":"error","message":"❌ API Error untuk vc_norm 00531149:","service":"bridging-satusehat","timestamp":"2026-02-19 07:56:20"}
{"level":"error","message":"❌ API Error untuk vc_norm 00454183:","service":"bridging-satusehat","timestamp":"2026-02-19 07:56:20"}
{"level":"error","message":"❌ API Error untuk vc_norm 00559325:","service":"bridging-satusehat","timestamp":"2026-02-19 07:56:20"}
{"level":"error","message":"❌ API Error untuk vc_norm 00398268:","service":"bridging-satusehat","timestamp":"2026-02-19 07:56:20"}
{"level":"error","message":"❌ API Error untuk vc_norm 00559299:","service":"bridging-satusehat","timestamp":"2026-02-19 07:56:20"}
{"level":"error","message":"❌ API Error untuk vc_norm 00229208:","service":"bridging-satusehat","timestamp":"2026-02-19 07:56:20"}
{"level":"error","message":"❌ API Error untuk vc_norm 00447245:","service":"bridging-satusehat","timestamp":"2026-02-19 07:56:20"}
{"level":"error","message":"❌ API Error untuk vc_norm 00280995:","service":"bridging-satusehat","timestamp":"2026-02-19 07:56:26"}
{"level":"error","message":"❌ API Error untuk vc_norm 00280995:","service":"bridging-satusehat","timestamp":"2026-02-19 07:56:26"}
{"level":"error","message":"❌ API Error untuk vc_norm 00373042:","service":"bridging-satusehat","timestamp":"2026-02-19 07:56:26"}
{"level":"error","message":"❌ API Error untuk vc_norm 00531149:","service":"bridging-satusehat","timestamp":"2026-02-19 07:56:26"}
{"level":"error","message":"❌ API Error untuk vc_norm 00454183:","service":"bridging-satusehat","timestamp":"2026-02-19 07:56:26"}
{"level":"error","message":"❌ API Error untuk vc_norm 00559325:","service":"bridging-satusehat","timestamp":"2026-02-19 07:56:26"}
{"level":"error","message":"❌ API Error untuk vc_norm 00398268:","service":"bridging-satusehat","timestamp":"2026-02-19 07:56:26"}
{"level":"error","message":"❌ API Error untuk vc_norm 00559299:","service":"bridging-satusehat","timestamp":"2026-02-19 07:56:26"}
{"level":"error","message":"❌ API Error untuk vc_norm 00229208:","service":"bridging-satusehat","timestamp":"2026-02-19 07:56:26"}
{"level":"error","message":"❌ API Error untuk vc_norm 00447245:","service":"bridging-satusehat","timestamp":"2026-02-19 07:56:26"}
{"level":"error","message":"❌ API Error untuk vc_norm 00280995:","service":"bridging-satusehat","timestamp":"2026-02-19 07:57:10"}
{"level":"error","message":"❌ API Error untuk vc_norm 00280995:","service":"bridging-satusehat","timestamp":"2026-02-19 07:57:10"}
{"level":"error","message":"❌ API Error untuk vc_norm 00373042:","service":"bridging-satusehat","timestamp":"2026-02-19 07:57:10"}
{"level":"error","message":"❌ API Error untuk vc_norm 00531149:","service":"bridging-satusehat","timestamp":"2026-02-19 07:57:10"}
{"level":"error","message":"❌ API Error untuk vc_norm 00454183:","service":"bridging-satusehat","timestamp":"2026-02-19 07:57:10"}
{"level":"error","message":"❌ API Error untuk vc_norm 00559325:","service":"bridging-satusehat","timestamp":"2026-02-19 07:57:10"}
{"level":"error","message":"❌ API Error untuk vc_norm 00398268:","service":"bridging-satusehat","timestamp":"2026-02-19 07:57:10"}
{"level":"error","message":"❌ API Error untuk vc_norm 00559299:","service":"bridging-satusehat","timestamp":"2026-02-19 07:57:10"}
{"level":"error","message":"❌ API Error untuk vc_norm 00229208:","service":"bridging-satusehat","timestamp":"2026-02-19 07:57:10"}
{"level":"error","message":"❌ API Error untuk vc_norm 00447245:","service":"bridging-satusehat","timestamp":"2026-02-19 07:57:10"}
{"level":"error","message":"❌ API Error untuk vc_norm 00280995:","service":"bridging-satusehat","timestamp":"2026-02-19 07:57:51"}
{"level":"error","message":"❌ API Error untuk vc_norm 00280995:","service":"bridging-satusehat","timestamp":"2026-02-19 07:57:51"}
{"level":"error","message":"❌ API Error untuk vc_norm 00373042:","service":"bridging-satusehat","timestamp":"2026-02-19 07:57:51"}
{"level":"error","message":"❌ API Error untuk vc_norm 00531149:","service":"bridging-satusehat","timestamp":"2026-02-19 07:57:51"}
{"level":"error","message":"❌ API Error untuk vc_norm 00454183:","service":"bridging-satusehat","timestamp":"2026-02-19 07:57:51"}
{"level":"error","message":"❌ API Error untuk vc_norm 00559325:","service":"bridging-satusehat","timestamp":"2026-02-19 07:57:51"}
{"level":"error","message":"❌ API Error untuk vc_norm 00398268:","service":"bridging-satusehat","timestamp":"2026-02-19 07:57:51"}
{"level":"error","message":"❌ API Error untuk vc_norm 00559299:","service":"bridging-satusehat","timestamp":"2026-02-19 07:57:51"}
{"level":"error","message":"❌ API Error untuk vc_norm 00229208:","service":"bridging-satusehat","timestamp":"2026-02-19 07:57:51"}
{"level":"error","message":"❌ API Error untuk vc_norm 00447245:","service":"bridging-satusehat","timestamp":"2026-02-19 07:57:51"}
{"level":"error","message":"❌ API Error untuk vc_norm 00531149:","service":"bridging-satusehat","timestamp":"2026-02-19 08:01:12"}
{"level":"error","message":"❌ API Error untuk vc_norm 00398268:","service":"bridging-satusehat","timestamp":"2026-02-19 08:01:12"}
{"level":"error","message":"❌ API Error untuk vc_norm 00280995:","service":"bridging-satusehat","timestamp":"2026-02-19 09:28:16"}
{"level":"error","message":"❌ API Error untuk vc_norm 00280995:","service":"bridging-satusehat","timestamp":"2026-02-19 09:28:16"}
{"level":"error","message":"❌ API Error untuk vc_norm 00373042:","service":"bridging-satusehat","timestamp":"2026-02-19 09:28:16"}
{"level":"error","message":"❌ API Error untuk vc_norm 00531149:","service":"bridging-satusehat","timestamp":"2026-02-19 09:28:16"}
{"level":"error","message":"❌ API Error untuk vc_norm 00454183:","service":"bridging-satusehat","timestamp":"2026-02-19 09:28:16"}
{"level":"error","message":"❌ API Error untuk vc_norm 00559325:","service":"bridging-satusehat","timestamp":"2026-02-19 09:28:16"}
{"level":"error","message":"❌ API Error untuk vc_norm 00398268:","service":"bridging-satusehat","timestamp":"2026-02-19 09:28:16"}
{"level":"error","message":"❌ API Error untuk vc_norm 00559299:","service":"bridging-satusehat","timestamp":"2026-02-19 09:28:16"}
{"level":"error","message":"❌ API Error untuk vc_norm 00229208:","service":"bridging-satusehat","timestamp":"2026-02-19 09:28:16"}
{"level":"error","message":"❌ API Error untuk vc_norm 00447245:","service":"bridging-satusehat","timestamp":"2026-02-19 09:28:16"}
{"level":"error","message":"❌ API Error untuk vc_norm 00496866:","service":"bridging-satusehat","timestamp":"2026-02-19 09:28:16"}
{"level":"error","message":"❌ API Error untuk vc_norm 00521897:","service":"bridging-satusehat","timestamp":"2026-02-19 09:28:16"}
{"level":"error","message":"❌ API Error untuk vc_norm 00554362:","service":"bridging-satusehat","timestamp":"2026-02-19 09:28:16"}
{"level":"error","message":"❌ API Error untuk vc_norm 00401412:","service":"bridging-satusehat","timestamp":"2026-02-19 09:28:16"}
{"level":"error","message":"❌ API Error untuk vc_norm 00399295:","service":"bridging-satusehat","timestamp":"2026-02-19 09:28:16"}
{"level":"error","message":"❌ API Error untuk vc_norm 00348584:","service":"bridging-satusehat","timestamp":"2026-02-19 09:28:16"}
{"level":"error","message":"❌ API Error untuk vc_norm 00509574:","service":"bridging-satusehat","timestamp":"2026-02-19 09:28:16"}
{"level":"error","message":"❌ API Error untuk vc_norm 00337940:","service":"bridging-satusehat","timestamp":"2026-02-19 09:28:16"}
{"level":"error","message":"❌ API Error untuk vc_norm 00514474:","service":"bridging-satusehat","timestamp":"2026-02-19 09:28:16"}
{"level":"error","message":"❌ API Error untuk vc_norm 00437758:","service":"bridging-satusehat","timestamp":"2026-02-19 09:28:16"}
{"level":"error","message":"❌ API Error untuk vc_norm 00369390:","service":"bridging-satusehat","timestamp":"2026-02-19 09:28:16"}
{"level":"error","message":"❌ API Error untuk vc_norm 00559391:","service":"bridging-satusehat","timestamp":"2026-02-19 09:28:16"}
{"level":"error","message":"❌ API Error untuk vc_norm 00406272:","service":"bridging-satusehat","timestamp":"2026-02-19 09:28:16"}
{"level":"error","message":"❌ API Error untuk vc_norm 00437758:","service":"bridging-satusehat","timestamp":"2026-02-19 09:28:16"}
{"level":"error","message":"❌ API Error untuk vc_norm 00010897:","service":"bridging-satusehat","timestamp":"2026-02-19 09:28:16"}
{"level":"error","message":"❌ API Error untuk vc_norm 00437758:","service":"bridging-satusehat","timestamp":"2026-02-19 09:28:16"}
{"level":"error","message":"❌ API Error untuk vc_norm 00330806:","service":"bridging-satusehat","timestamp":"2026-02-19 09:28:16"}
{"level":"error","message":"❌ API Error untuk vc_norm 00555833:","service":"bridging-satusehat","timestamp":"2026-02-19 09:28:16"}
{"level":"error","message":"❌ API Error untuk vc_norm 00559106:","service":"bridging-satusehat","timestamp":"2026-02-19 09:28:16"}
{"level":"error","message":"❌ API Error untuk vc_norm 00461630:","service":"bridging-satusehat","timestamp":"2026-02-19 09:28:16"}
{"level":"error","message":"❌ API Error untuk vc_norm 00544201:","service":"bridging-satusehat","timestamp":"2026-02-19 09:28:16"}
{"level":"error","message":"❌ API Error untuk vc_norm 00559360:","service":"bridging-satusehat","timestamp":"2026-02-19 09:28:16"}
{"level":"error","message":"❌ API Error untuk vc_norm 00542200:","service":"bridging-satusehat","timestamp":"2026-02-19 09:28:16"}
{"level":"error","message":"❌ API Error untuk vc_norm 00532261:","service":"bridging-satusehat","timestamp":"2026-02-19 09:28:16"}
{"level":"error","message":"❌ API Error untuk vc_norm 00532261:","service":"bridging-satusehat","timestamp":"2026-02-19 09:28:16"}
{"level":"error","message":"❌ API Error untuk vc_norm 00460178:","service":"bridging-satusehat","timestamp":"2026-02-19 09:28:16"}
{"level":"error","message":"❌ API Error untuk vc_norm 00460178:","service":"bridging-satusehat","timestamp":"2026-02-19 09:28:16"}
{"level":"error","message":"❌ API Error untuk vc_norm 00524825:","service":"bridging-satusehat","timestamp":"2026-02-19 09:28:16"}
{"level":"error","message":"❌ API Error untuk vc_norm 00407129:","service":"bridging-satusehat","timestamp":"2026-02-19 09:28:16"}
{"level":"error","message":"❌ API Error untuk vc_norm 00537316:","service":"bridging-satusehat","timestamp":"2026-02-19 09:28:16"}
{"level":"error","message":"❌ API Error untuk vc_norm 00035719:","service":"bridging-satusehat","timestamp":"2026-02-19 09:28:16"}
{"level":"error","message":"❌ API Error untuk vc_norm 00035719:","service":"bridging-satusehat","timestamp":"2026-02-19 09:28:16"}
{"level":"error","message":"❌ API Error untuk vc_norm 00460178:","service":"bridging-satusehat","timestamp":"2026-02-19 09:28:16"}
{"level":"error","message":"❌ API Error untuk vc_norm 00556707:","service":"bridging-satusehat","timestamp":"2026-02-19 09:28:16"}
{"level":"error","message":"❌ API Error untuk vc_norm 00220071:","service":"bridging-satusehat","timestamp":"2026-02-19 09:28:16"}
{"level":"error","message":"❌ API Error untuk vc_norm 00431006:","service":"bridging-satusehat","timestamp":"2026-02-19 09:28:16"}
{"level":"error","message":"❌ API Error untuk vc_norm 00478973:","service":"bridging-satusehat","timestamp":"2026-02-19 09:28:17"}
{"level":"error","message":"❌ API Error untuk vc_norm 00558924:","service":"bridging-satusehat","timestamp":"2026-02-19 09:28:17"}
{"level":"error","message":"❌ API Error untuk vc_norm 00547126:","service":"bridging-satusehat","timestamp":"2026-02-19 09:28:17"}
{"level":"error","message":"❌ API Error untuk vc_norm 00466993:","service":"bridging-satusehat","timestamp":"2026-02-19 09:28:17"}
{"level":"error","message":"❌ API Error untuk vc_norm 00374129:","service":"bridging-satusehat","timestamp":"2026-02-19 09:28:17"}
{"level":"error","message":"❌ API Error untuk vc_norm 00421714:","service":"bridging-satusehat","timestamp":"2026-02-19 09:28:17"}
{"level":"error","message":"❌ API Error untuk vc_norm 00453407:","service":"bridging-satusehat","timestamp":"2026-02-19 09:28:17"}
{"level":"error","message":"❌ API Error untuk vc_norm 00276967:","service":"bridging-satusehat","timestamp":"2026-02-19 09:28:17"}
{"level":"error","message":"❌ API Error untuk vc_norm 00555861:","service":"bridging-satusehat","timestamp":"2026-02-19 09:28:17"}
{"level":"error","message":"❌ API Error untuk vc_norm 00555861:","service":"bridging-satusehat","timestamp":"2026-02-19 09:28:17"}
{"level":"error","message":"❌ API Error untuk vc_norm 00558030:","service":"bridging-satusehat","timestamp":"2026-02-19 09:28:17"}
{"level":"error","message":"❌ API Error untuk vc_norm 00268868:","service":"bridging-satusehat","timestamp":"2026-02-19 09:28:17"}
{"level":"error","message":"❌ API Error untuk vc_norm 00526835:","service":"bridging-satusehat","timestamp":"2026-02-19 09:28:17"}
{"level":"error","message":"❌ API Error untuk vc_norm 00295568:","service":"bridging-satusehat","timestamp":"2026-02-19 09:28:17"}
{"level":"error","message":"❌ API Error untuk vc_norm 00310258:","service":"bridging-satusehat","timestamp":"2026-02-19 09:28:17"}
{"level":"error","message":"❌ API Error untuk vc_norm 00082348:","service":"bridging-satusehat","timestamp":"2026-02-19 09:28:17"}
{"level":"error","message":"❌ API Error untuk vc_norm 00531611:","service":"bridging-satusehat","timestamp":"2026-02-19 09:28:17"}
{"level":"error","message":"❌ API Error untuk vc_norm 00383433:","service":"bridging-satusehat","timestamp":"2026-02-19 09:28:17"}
{"level":"error","message":"❌ API Error untuk vc_norm 00551051:","service":"bridging-satusehat","timestamp":"2026-02-19 09:28:17"}
{"level":"error","message":"❌ API Error untuk vc_norm 00480455:","service":"bridging-satusehat","timestamp":"2026-02-19 09:28:17"}
{"level":"error","message":"❌ API Error untuk vc_norm 00482306:","service":"bridging-satusehat","timestamp":"2026-02-19 09:28:17"}
{"level":"error","message":"❌ API Error untuk vc_norm 00400404:","service":"bridging-satusehat","timestamp":"2026-02-19 09:28:17"}
{"level":"error","message":"❌ API Error untuk vc_norm 00548887:","service":"bridging-satusehat","timestamp":"2026-02-19 09:28:17"}
{"level":"error","message":"❌ API Error untuk vc_norm 00405295:","service":"bridging-satusehat","timestamp":"2026-02-19 09:28:17"}
{"level":"error","message":"❌ API Error untuk vc_norm 00555713:","service":"bridging-satusehat","timestamp":"2026-02-19 09:28:17"}
{"level":"error","message":"❌ API Error untuk vc_norm 00405208:","service":"bridging-satusehat","timestamp":"2026-02-19 09:28:17"}
{"level":"error","message":"❌ API Error untuk vc_norm 00318986:","service":"bridging-satusehat","timestamp":"2026-02-19 09:28:17"}
{"level":"error","message":"❌ API Error untuk vc_norm 00400786:","service":"bridging-satusehat","timestamp":"2026-02-19 09:28:17"}
{"level":"error","message":"❌ API Error untuk vc_norm 00551944:","service":"bridging-satusehat","timestamp":"2026-02-19 09:28:17"}
{"level":"error","message":"❌ API Error untuk vc_norm 00559543:","service":"bridging-satusehat","timestamp":"2026-02-19 09:28:17"}
{"level":"error","message":"❌ API Error untuk vc_norm 00548937:","service":"bridging-satusehat","timestamp":"2026-02-19 09:28:17"}
{"level":"error","message":"❌ API Error untuk vc_norm 00420211:","service":"bridging-satusehat","timestamp":"2026-02-19 09:28:17"}
{"level":"error","message":"❌ API Error untuk vc_norm 00557117:","service":"bridging-satusehat","timestamp":"2026-02-19 09:28:17"}
{"level":"error","message":"❌ API Error untuk vc_norm 00294813:","service":"bridging-satusehat","timestamp":"2026-02-19 09:28:17"}
{"level":"error","message":"❌ API Error untuk vc_norm 00487489:","service":"bridging-satusehat","timestamp":"2026-02-19 09:28:17"}
{"level":"error","message":"❌ API Error untuk vc_norm 00542969:","service":"bridging-satusehat","timestamp":"2026-02-19 09:28:17"}
{"level":"error","message":"❌ API Error untuk vc_norm 00350378:","service":"bridging-satusehat","timestamp":"2026-02-19 09:28:17"}
{"level":"error","message":"❌ API Error untuk vc_norm 00425525:","service":"bridging-satusehat","timestamp":"2026-02-19 09:28:17"}
{"level":"error","message":"❌ API Error untuk vc_norm 00444601:","service":"bridging-satusehat","timestamp":"2026-02-19 09:28:17"}
{"level":"error","message":"❌ API Error untuk vc_norm 00270659:","service":"bridging-satusehat","timestamp":"2026-02-19 09:28:17"}
{"level":"error","message":"❌ API Error untuk vc_norm 00518500:","service":"bridging-satusehat","timestamp":"2026-02-19 09:28:17"}
{"level":"error","message":"❌ API Error untuk vc_norm 00485023:","service":"bridging-satusehat","timestamp":"2026-02-19 09:28:17"}
{"level":"error","message":"❌ API Error untuk vc_norm 00477981:","service":"bridging-satusehat","timestamp":"2026-02-19 09:28:17"}
{"level":"error","message":"❌ API Error untuk vc_norm 00324394:","service":"bridging-satusehat","timestamp":"2026-02-19 09:28:17"}
{"level":"error","message":"❌ API Error untuk vc_norm 00280995:","service":"bridging-satusehat","timestamp":"2026-02-19 09:32:17"}
{"level":"error","message":"❌ API Error untuk vc_norm 00280995:","service":"bridging-satusehat","timestamp":"2026-02-19 09:32:17"}
{"level":"error","message":"❌ API Error untuk vc_norm 00373042:","service":"bridging-satusehat","timestamp":"2026-02-19 09:32:17"}
{"level":"error","message":"❌ API Error untuk vc_norm 00531149:","service":"bridging-satusehat","timestamp":"2026-02-19 09:32:17"}
{"level":"error","message":"❌ API Error untuk vc_norm 00454183:","service":"bridging-satusehat","timestamp":"2026-02-19 09:32:17"}
{"level":"error","message":"❌ API Error untuk vc_norm 00559325:","service":"bridging-satusehat","timestamp":"2026-02-19 09:32:17"}
{"level":"error","message":"❌ API Error untuk vc_norm 00398268:","service":"bridging-satusehat","timestamp":"2026-02-19 09:32:17"}
{"level":"error","message":"❌ API Error untuk vc_norm 00559299:","service":"bridging-satusehat","timestamp":"2026-02-19 09:32:17"}
{"level":"error","message":"❌ API Error untuk vc_norm 00229208:","service":"bridging-satusehat","timestamp":"2026-02-19 09:32:17"}
{"level":"error","message":"❌ API Error untuk vc_norm 00447245:","service":"bridging-satusehat","timestamp":"2026-02-19 09:32:17"}
{"level":"error","message":"❌ API Error untuk vc_norm 00496866:","service":"bridging-satusehat","timestamp":"2026-02-19 09:32:17"}
{"level":"error","message":"❌ API Error untuk vc_norm 00521897:","service":"bridging-satusehat","timestamp":"2026-02-19 09:32:17"}
{"level":"error","message":"❌ API Error untuk vc_norm 00554362:","service":"bridging-satusehat","timestamp":"2026-02-19 09:32:17"}
{"level":"error","message":"❌ API Error untuk vc_norm 00401412:","service":"bridging-satusehat","timestamp":"2026-02-19 09:32:17"}
{"level":"error","message":"❌ API Error untuk vc_norm 00399295:","service":"bridging-satusehat","timestamp":"2026-02-19 09:32:17"}
{"level":"error","message":"❌ API Error untuk vc_norm 00348584:","service":"bridging-satusehat","timestamp":"2026-02-19 09:32:17"}
{"level":"error","message":"❌ API Error untuk vc_norm 00509574:","service":"bridging-satusehat","timestamp":"2026-02-19 09:32:17"}
{"level":"error","message":"❌ API Error untuk vc_norm 00337940:","service":"bridging-satusehat","timestamp":"2026-02-19 09:32:17"}
{"level":"error","message":"❌ API Error untuk vc_norm 00514474:","service":"bridging-satusehat","timestamp":"2026-02-19 09:32:17"}
{"level":"error","message":"❌ API Error untuk vc_norm 00437758:","service":"bridging-satusehat","timestamp":"2026-02-19 09:32:17"}
{"level":"error","message":"❌ API Error untuk vc_norm 00369390:","service":"bridging-satusehat","timestamp":"2026-02-19 09:32:17"}
{"level":"error","message":"❌ API Error untuk vc_norm 00559391:","service":"bridging-satusehat","timestamp":"2026-02-19 09:32:17"}
{"level":"error","message":"❌ API Error untuk vc_norm 00406272:","service":"bridging-satusehat","timestamp":"2026-02-19 09:32:17"}
{"level":"error","message":"❌ API Error untuk vc_norm 00437758:","service":"bridging-satusehat","timestamp":"2026-02-19 09:32:17"}
{"level":"error","message":"❌ API Error untuk vc_norm 00010897:","service":"bridging-satusehat","timestamp":"2026-02-19 09:32:17"}
{"level":"error","message":"❌ API Error untuk vc_norm 00437758:","service":"bridging-satusehat","timestamp":"2026-02-19 09:32:17"}
{"level":"error","message":"❌ API Error untuk vc_norm 00330806:","service":"bridging-satusehat","timestamp":"2026-02-19 09:32:17"}
{"level":"error","message":"❌ API Error untuk vc_norm 00555833:","service":"bridging-satusehat","timestamp":"2026-02-19 09:32:17"}
{"level":"error","message":"❌ API Error untuk vc_norm 00559106:","service":"bridging-satusehat","timestamp":"2026-02-19 09:32:17"}
{"level":"error","message":"❌ API Error untuk vc_norm 00461630:","service":"bridging-satusehat","timestamp":"2026-02-19 09:32:17"}
{"level":"error","message":"❌ API Error untuk vc_norm 00544201:","service":"bridging-satusehat","timestamp":"2026-02-19 09:32:17"}
{"level":"error","message":"❌ API Error untuk vc_norm 00559360:","service":"bridging-satusehat","timestamp":"2026-02-19 09:32:17"}
{"level":"error","message":"❌ API Error untuk vc_norm 00542200:","service":"bridging-satusehat","timestamp":"2026-02-19 09:32:17"}
{"level":"error","message":"❌ API Error untuk vc_norm 00532261:","service":"bridging-satusehat","timestamp":"2026-02-19 09:32:17"}
{"level":"error","message":"❌ API Error untuk vc_norm 00532261:","service":"bridging-satusehat","timestamp":"2026-02-19 09:32:17"}
{"level":"error","message":"❌ API Error untuk vc_norm 00460178:","service":"bridging-satusehat","timestamp":"2026-02-19 09:32:17"}
{"level":"error","message":"❌ API Error untuk vc_norm 00460178:","service":"bridging-satusehat","timestamp":"2026-02-19 09:32:17"}
{"level":"error","message":"❌ API Error untuk vc_norm 00524825:","service":"bridging-satusehat","timestamp":"2026-02-19 09:32:17"}
{"level":"error","message":"❌ API Error untuk vc_norm 00407129:","service":"bridging-satusehat","timestamp":"2026-02-19 09:32:17"}
{"level":"error","message":"❌ API Error untuk vc_norm 00537316:","service":"bridging-satusehat","timestamp":"2026-02-19 09:32:17"}
{"level":"error","message":"❌ API Error untuk vc_norm 00035719:","service":"bridging-satusehat","timestamp":"2026-02-19 09:32:17"}
{"level":"error","message":"❌ API Error untuk vc_norm 00035719:","service":"bridging-satusehat","timestamp":"2026-02-19 09:32:17"}
{"level":"error","message":"❌ API Error untuk vc_norm 00460178:","service":"bridging-satusehat","timestamp":"2026-02-19 09:32:17"}
{"level":"error","message":"❌ API Error untuk vc_norm 00556707:","service":"bridging-satusehat","timestamp":"2026-02-19 09:32:17"}
{"level":"error","message":"❌ API Error untuk vc_norm 00220071:","service":"bridging-satusehat","timestamp":"2026-02-19 09:32:17"}
{"level":"error","message":"❌ API Error untuk vc_norm 00431006:","service":"bridging-satusehat","timestamp":"2026-02-19 09:32:17"}
{"level":"error","message":"❌ API Error untuk vc_norm 00478973:","service":"bridging-satusehat","timestamp":"2026-02-19 09:32:17"}
{"level":"error","message":"❌ API Error untuk vc_norm 00557585:","service":"bridging-satusehat","timestamp":"2026-02-19 09:32:17"}
{"level":"error","message":"❌ API Error untuk vc_norm 00547126:","service":"bridging-satusehat","timestamp":"2026-02-19 09:32:17"}
{"level":"error","message":"❌ API Error untuk vc_norm 00466993:","service":"bridging-satusehat","timestamp":"2026-02-19 09:32:17"}
{"level":"error","message":"❌ API Error untuk vc_norm 00374129:","service":"bridging-satusehat","timestamp":"2026-02-19 09:32:17"}
{"level":"error","message":"❌ API Error untuk vc_norm 00421714:","service":"bridging-satusehat","timestamp":"2026-02-19 09:32:17"}
{"level":"error","message":"❌ API Error untuk vc_norm 00453407:","service":"bridging-satusehat","timestamp":"2026-02-19 09:32:17"}
{"level":"error","message":"❌ API Error untuk vc_norm 00276967:","service":"bridging-satusehat","timestamp":"2026-02-19 09:32:17"}
{"level":"error","message":"❌ API Error untuk vc_norm 00555861:","service":"bridging-satusehat","timestamp":"2026-02-19 09:32:17"}
{"level":"error","message":"❌ API Error untuk vc_norm 00555861:","service":"bridging-satusehat","timestamp":"2026-02-19 09:32:17"}
{"level":"error","message":"❌ API Error untuk vc_norm 00558030:","service":"bridging-satusehat","timestamp":"2026-02-19 09:32:17"}
{"level":"error","message":"❌ API Error untuk vc_norm 00268868:","service":"bridging-satusehat","timestamp":"2026-02-19 09:32:17"}
{"level":"error","message":"❌ API Error untuk vc_norm 00526835:","service":"bridging-satusehat","timestamp":"2026-02-19 09:32:17"}
{"level":"error","message":"❌ API Error untuk vc_norm 00295568:","service":"bridging-satusehat","timestamp":"2026-02-19 09:32:17"}
{"level":"error","message":"❌ API Error untuk vc_norm 00310258:","service":"bridging-satusehat","timestamp":"2026-02-19 09:32:17"}
{"level":"error","message":"❌ API Error untuk vc_norm 00082348:","service":"bridging-satusehat","timestamp":"2026-02-19 09:32:17"}
{"level":"error","message":"❌ API Error untuk vc_norm 00531611:","service":"bridging-satusehat","timestamp":"2026-02-19 09:32:17"}
{"level":"error","message":"❌ API Error untuk vc_norm 00383433:","service":"bridging-satusehat","timestamp":"2026-02-19 09:32:17"}
{"level":"error","message":"❌ API Error untuk vc_norm 00551051:","service":"bridging-satusehat","timestamp":"2026-02-19 09:32:17"}
{"level":"error","message":"❌ API Error untuk vc_norm 00480455:","service":"bridging-satusehat","timestamp":"2026-02-19 09:32:17"}
{"level":"error","message":"❌ API Error untuk vc_norm 00482306:","service":"bridging-satusehat","timestamp":"2026-02-19 09:32:17"}
{"level":"error","message":"❌ API Error untuk vc_norm 00400404:","service":"bridging-satusehat","timestamp":"2026-02-19 09:32:17"}
{"level":"error","message":"❌ API Error untuk vc_norm 00548887:","service":"bridging-satusehat","timestamp":"2026-02-19 09:32:17"}
{"level":"error","message":"❌ API Error untuk vc_norm 00405295:","service":"bridging-satusehat","timestamp":"2026-02-19 09:32:17"}
{"level":"error","message":"❌ API Error untuk vc_norm 00555713:","service":"bridging-satusehat","timestamp":"2026-02-19 09:32:17"}
{"level":"error","message":"❌ API Error untuk vc_norm 00405208:","service":"bridging-satusehat","timestamp":"2026-02-19 09:32:17"}
{"level":"error","message":"❌ API Error untuk vc_norm 00318986:","service":"bridging-satusehat","timestamp":"2026-02-19 09:32:17"}
{"level":"error","message":"❌ API Error untuk vc_norm 00400786:","service":"bridging-satusehat","timestamp":"2026-02-19 09:32:17"}
{"level":"error","message":"❌ API Error untuk vc_norm 00551944:","service":"bridging-satusehat","timestamp":"2026-02-19 09:32:17"}
{"level":"error","message":"❌ API Error untuk vc_norm 00559543:","service":"bridging-satusehat","timestamp":"2026-02-19 09:32:17"}
{"level":"error","message":"❌ API Error untuk vc_norm 00548937:","service":"bridging-satusehat","timestamp":"2026-02-19 09:32:17"}
{"level":"error","message":"❌ API Error untuk vc_norm 00420211:","service":"bridging-satusehat","timestamp":"2026-02-19 09:32:17"}
{"level":"error","message":"❌ API Error untuk vc_norm 00557117:","service":"bridging-satusehat","timestamp":"2026-02-19 09:32:17"}
{"level":"error","message":"❌ API Error untuk vc_norm 00294813:","service":"bridging-satusehat","timestamp":"2026-02-19 09:32:17"}
{"level":"error","message":"❌ API Error untuk vc_norm 00487489:","service":"bridging-satusehat","timestamp":"2026-02-19 09:32:17"}
{"level":"error","message":"❌ API Error untuk vc_norm 00350378:","service":"bridging-satusehat","timestamp":"2026-02-19 09:32:17"}
{"level":"error","message":"❌ API Error untuk vc_norm 00425525:","service":"bridging-satusehat","timestamp":"2026-02-19 09:32:17"}
{"level":"error","message":"❌ API Error untuk vc_norm 00444601:","service":"bridging-satusehat","timestamp":"2026-02-19 09:32:17"}
{"level":"error","message":"❌ API Error untuk vc_norm 00518500:","service":"bridging-satusehat","timestamp":"2026-02-19 09:32:17"}
{"level":"error","message":"❌ API Error untuk vc_norm 00485023:","service":"bridging-satusehat","timestamp":"2026-02-19 09:32:17"}
{"level":"error","message":"❌ API Error untuk vc_norm 00477981:","service":"bridging-satusehat","timestamp":"2026-02-19 09:32:17"}
{"level":"error","message":"❌ API Error untuk vc_norm 00324394:","service":"bridging-satusehat","timestamp":"2026-02-19 09:32:17"}
{"level":"error","message":"❌ API Error untuk vc_norm 00280995:","service":"bridging-satusehat","timestamp":"2026-02-19 09:41:05"}
{"level":"error","message":"❌ API Error untuk vc_norm 00280995:","service":"bridging-satusehat","timestamp":"2026-02-19 09:41:05"}
{"level":"error","message":"❌ API Error untuk vc_norm 00373042:","service":"bridging-satusehat","timestamp":"2026-02-19 09:41:05"}
{"level":"error","message":"❌ API Error untuk vc_norm 00531149:","service":"bridging-satusehat","timestamp":"2026-02-19 09:41:05"}
{"level":"error","message":"❌ API Error untuk vc_norm 00454183:","service":"bridging-satusehat","timestamp":"2026-02-19 09:41:05"}
{"level":"error","message":"❌ API Error untuk vc_norm 00559325:","service":"bridging-satusehat","timestamp":"2026-02-19 09:41:05"}
{"level":"error","message":"❌ API Error untuk vc_norm 00398268:","service":"bridging-satusehat","timestamp":"2026-02-19 09:41:05"}
{"level":"error","message":"❌ API Error untuk vc_norm 00559299:","service":"bridging-satusehat","timestamp":"2026-02-19 09:41:05"}
{"level":"error","message":"❌ API Error untuk vc_norm 00229208:","service":"bridging-satusehat","timestamp":"2026-02-19 09:41:05"}
{"level":"error","message":"❌ API Error untuk vc_norm 00447245:","service":"bridging-satusehat","timestamp":"2026-02-19 09:41:05"}
{"level":"error","message":"❌ API Error untuk vc_norm 00496866:","service":"bridging-satusehat","timestamp":"2026-02-19 09:41:05"}
{"level":"error","message":"❌ API Error untuk vc_norm 00521897:","service":"bridging-satusehat","timestamp":"2026-02-19 09:41:05"}
{"level":"error","message":"❌ API Error untuk vc_norm 00554362:","service":"bridging-satusehat","timestamp":"2026-02-19 09:41:05"}
{"level":"error","message":"❌ API Error untuk vc_norm 00401412:","service":"bridging-satusehat","timestamp":"2026-02-19 09:41:05"}
{"level":"error","message":"❌ API Error untuk vc_norm 00399295:","service":"bridging-satusehat","timestamp":"2026-02-19 09:41:05"}
{"level":"error","message":"❌ API Error untuk vc_norm 00348584:","service":"bridging-satusehat","timestamp":"2026-02-19 09:41:05"}
{"level":"error","message":"❌ API Error untuk vc_norm 00509574:","service":"bridging-satusehat","timestamp":"2026-02-19 09:41:05"}
{"level":"error","message":"❌ API Error untuk vc_norm 00337940:","service":"bridging-satusehat","timestamp":"2026-02-19 09:41:05"}
{"level":"error","message":"❌ API Error untuk vc_norm 00514474:","service":"bridging-satusehat","timestamp":"2026-02-19 09:41:05"}
{"level":"error","message":"❌ API Error untuk vc_norm 00437758:","service":"bridging-satusehat","timestamp":"2026-02-19 09:41:05"}
{"level":"error","message":"❌ API Error untuk vc_norm 00369390:","service":"bridging-satusehat","timestamp":"2026-02-19 09:41:05"}
{"level":"error","message":"❌ API Error untuk vc_norm 00559391:","service":"bridging-satusehat","timestamp":"2026-02-19 09:41:05"}
{"level":"error","message":"❌ API Error untuk vc_norm 00406272:","service":"bridging-satusehat","timestamp":"2026-02-19 09:41:05"}
{"level":"error","message":"❌ API Error untuk vc_norm 00437758:","service":"bridging-satusehat","timestamp":"2026-02-19 09:41:05"}
{"level":"error","message":"❌ API Error untuk vc_norm 00010897:","service":"bridging-satusehat","timestamp":"2026-02-19 09:41:05"}
{"level":"error","message":"❌ API Error untuk vc_norm 00437758:","service":"bridging-satusehat","timestamp":"2026-02-19 09:41:05"}
{"level":"error","message":"❌ API Error untuk vc_norm 00330806:","service":"bridging-satusehat","timestamp":"2026-02-19 09:41:05"}
{"level":"error","message":"❌ API Error untuk vc_norm 00555833:","service":"bridging-satusehat","timestamp":"2026-02-19 09:41:05"}
{"level":"error","message":"❌ API Error untuk vc_norm 00559106:","service":"bridging-satusehat","timestamp":"2026-02-19 09:41:05"}
{"level":"error","message":"❌ API Error untuk vc_norm 00461630:","service":"bridging-satusehat","timestamp":"2026-02-19 09:41:05"}
{"level":"error","message":"❌ API Error untuk vc_norm 00544201:","service":"bridging-satusehat","timestamp":"2026-02-19 09:41:05"}
{"level":"error","message":"❌ API Error untuk vc_norm 00559360:","service":"bridging-satusehat","timestamp":"2026-02-19 09:41:05"}
{"level":"error","message":"❌ API Error untuk vc_norm 00542200:","service":"bridging-satusehat","timestamp":"2026-02-19 09:41:05"}
{"level":"error","message":"❌ API Error untuk vc_norm 00532261:","service":"bridging-satusehat","timestamp":"2026-02-19 09:41:05"}
{"level":"error","message":"❌ API Error untuk vc_norm 00532261:","service":"bridging-satusehat","timestamp":"2026-02-19 09:41:05"}
{"level":"error","message":"❌ API Error untuk vc_norm 00460178:","service":"bridging-satusehat","timestamp":"2026-02-19 09:41:05"}
{"level":"error","message":"❌ API Error untuk vc_norm 00460178:","service":"bridging-satusehat","timestamp":"2026-02-19 09:41:05"}
{"level":"error","message":"❌ API Error untuk vc_norm 00524825:","service":"bridging-satusehat","timestamp":"2026-02-19 09:41:05"}
{"level":"error","message":"❌ API Error untuk vc_norm 00407129:","service":"bridging-satusehat","timestamp":"2026-02-19 09:41:05"}
{"level":"error","message":"❌ API Error untuk vc_norm 00537316:","service":"bridging-satusehat","timestamp":"2026-02-19 09:41:05"}
{"level":"error","message":"❌ API Error untuk vc_norm 00035719:","service":"bridging-satusehat","timestamp":"2026-02-19 09:41:05"}
{"level":"error","message":"❌ API Error untuk vc_norm 00035719:","service":"bridging-satusehat","timestamp":"2026-02-19 09:41:05"}
{"level":"error","message":"❌ API Error untuk vc_norm 00460178:","service":"bridging-satusehat","timestamp":"2026-02-19 09:41:05"}
{"level":"error","message":"❌ API Error untuk vc_norm 00541139:","service":"bridging-satusehat","timestamp":"2026-02-19 09:41:05"}
{"level":"error","message":"❌ API Error untuk vc_norm 00556707:","service":"bridging-satusehat","timestamp":"2026-02-19 09:41:05"}
{"level":"error","message":"❌ API Error untuk vc_norm 00220071:","service":"bridging-satusehat","timestamp":"2026-02-19 09:41:05"}
{"level":"error","message":"❌ API Error untuk vc_norm 00431006:","service":"bridging-satusehat","timestamp":"2026-02-19 09:41:05"}
{"level":"error","message":"❌ API Error untuk vc_norm 00478973:","service":"bridging-satusehat","timestamp":"2026-02-19 09:41:05"}
{"level":"error","message":"❌ API Error untuk vc_norm 00558924:","service":"bridging-satusehat","timestamp":"2026-02-19 09:41:05"}
{"level":"error","message":"❌ API Error untuk vc_norm 00547126:","service":"bridging-satusehat","timestamp":"2026-02-19 09:41:05"}
{"level":"error","message":"❌ API Error untuk vc_norm 00466993:","service":"bridging-satusehat","timestamp":"2026-02-19 09:41:05"}
{"level":"error","message":"❌ API Error untuk vc_norm 00374129:","service":"bridging-satusehat","timestamp":"2026-02-19 09:41:05"}
{"level":"error","message":"❌ API Error untuk vc_norm 00421714:","service":"bridging-satusehat","timestamp":"2026-02-19 09:41:05"}
{"level":"error","message":"❌ API Error untuk vc_norm 00453407:","service":"bridging-satusehat","timestamp":"2026-02-19 09:41:05"}
{"level":"error","message":"❌ API Error untuk vc_norm 00276967:","service":"bridging-satusehat","timestamp":"2026-02-19 09:41:05"}
{"level":"error","message":"❌ API Error untuk vc_norm 00555861:","service":"bridging-satusehat","timestamp":"2026-02-19 09:41:05"}
{"level":"error","message":"❌ API Error untuk vc_norm 00558030:","service":"bridging-satusehat","timestamp":"2026-02-19 09:41:05"}
{"level":"error","message":"❌ API Error untuk vc_norm 00268868:","service":"bridging-satusehat","timestamp":"2026-02-19 09:41:05"}
{"level":"error","message":"❌ API Error untuk vc_norm 00526835:","service":"bridging-satusehat","timestamp":"2026-02-19 09:41:05"}
{"level":"error","message":"❌ API Error untuk vc_norm 00295568:","service":"bridging-satusehat","timestamp":"2026-02-19 09:41:05"}
{"level":"error","message":"❌ API Error untuk vc_norm 00310258:","service":"bridging-satusehat","timestamp":"2026-02-19 09:41:05"}
{"level":"error","message":"❌ API Error untuk vc_norm 00402347:","service":"bridging-satusehat","timestamp":"2026-02-19 09:41:05"}
{"level":"error","message":"❌ API Error untuk vc_norm 00082348:","service":"bridging-satusehat","timestamp":"2026-02-19 09:41:05"}
{"level":"error","message":"❌ API Error untuk vc_norm 00531611:","service":"bridging-satusehat","timestamp":"2026-02-19 09:41:05"}
{"level":"error","message":"❌ API Error untuk vc_norm 00383433:","service":"bridging-satusehat","timestamp":"2026-02-19 09:41:05"}
{"level":"error","message":"❌ API Error untuk vc_norm 00551051:","service":"bridging-satusehat","timestamp":"2026-02-19 09:41:05"}
{"level":"error","message":"❌ API Error untuk vc_norm 00480455:","service":"bridging-satusehat","timestamp":"2026-02-19 09:41:05"}
{"level":"error","message":"❌ API Error untuk vc_norm 00482306:","service":"bridging-satusehat","timestamp":"2026-02-19 09:41:05"}
{"level":"error","message":"❌ API Error untuk vc_norm 00400404:","service":"bridging-satusehat","timestamp":"2026-02-19 09:41:05"}
{"level":"error","message":"❌ API Error untuk vc_norm 00548887:","service":"bridging-satusehat","timestamp":"2026-02-19 09:41:05"}
{"level":"error","message":"❌ API Error untuk vc_norm 00405295:","service":"bridging-satusehat","timestamp":"2026-02-19 09:41:05"}
{"level":"error","message":"❌ API Error untuk vc_norm 00555713:","service":"bridging-satusehat","timestamp":"2026-02-19 09:41:05"}
{"level":"error","message":"❌ API Error untuk vc_norm 00405208:","service":"bridging-satusehat","timestamp":"2026-02-19 09:41:05"}
{"level":"error","message":"❌ API Error untuk vc_norm 00318986:","service":"bridging-satusehat","timestamp":"2026-02-19 09:41:05"}
{"level":"error","message":"❌ API Error untuk vc_norm 00400786:","service":"bridging-satusehat","timestamp":"2026-02-19 09:41:05"}
{"level":"error","message":"❌ API Error untuk vc_norm 00551944:","service":"bridging-satusehat","timestamp":"2026-02-19 09:41:05"}
{"level":"error","message":"❌ API Error untuk vc_norm 00559543:","service":"bridging-satusehat","timestamp":"2026-02-19 09:41:05"}
{"level":"error","message":"❌ API Error untuk vc_norm 00548937:","service":"bridging-satusehat","timestamp":"2026-02-19 09:41:05"}
{"level":"error","message":"❌ API Error untuk vc_norm 00420211:","service":"bridging-satusehat","timestamp":"2026-02-19 09:41:05"}
{"level":"error","message":"❌ API Error untuk vc_norm 00557117:","service":"bridging-satusehat","timestamp":"2026-02-19 09:41:05"}
{"level":"error","message":"❌ API Error untuk vc_norm 00294813:","service":"bridging-satusehat","timestamp":"2026-02-19 09:41:05"}
{"level":"error","message":"❌ API Error untuk vc_norm 00487489:","service":"bridging-satusehat","timestamp":"2026-02-19 09:41:05"}
{"level":"error","message":"❌ API Error untuk vc_norm 00542969:","service":"bridging-satusehat","timestamp":"2026-02-19 09:41:05"}
{"level":"error","message":"❌ API Error untuk vc_norm 00425525:","service":"bridging-satusehat","timestamp":"2026-02-19 09:41:05"}
{"level":"error","message":"❌ API Error untuk vc_norm 00444601:","service":"bridging-satusehat","timestamp":"2026-02-19 09:41:05"}
{"level":"error","message":"❌ API Error untuk vc_norm 00270659:","service":"bridging-satusehat","timestamp":"2026-02-19 09:41:05"}
{"level":"error","message":"❌ API Error untuk vc_norm 00518500:","service":"bridging-satusehat","timestamp":"2026-02-19 09:41:05"}
{"level":"error","message":"❌ API Error untuk vc_norm 00485023:","service":"bridging-satusehat","timestamp":"2026-02-19 09:41:05"}
{"level":"error","message":"❌ API Error untuk vc_norm 00477981:","service":"bridging-satusehat","timestamp":"2026-02-19 09:41:05"}
{"level":"error","message":"❌ API Error untuk vc_norm 00324394:","service":"bridging-satusehat","timestamp":"2026-02-19 09:41:05"}
{"level":"error","message":"[SATU SEHAT ERROR] Gagal kirim ServiceRequest (25010407010034):","service":"bridging-satusehat","timestamp":"2026-02-19 09:57:30"}
{"level":"error","message":"Detail Response:","service":"bridging-satusehat","timestamp":"2026-02-19 09:57:30"}
